[nltk_data] Downloading package punkt to
[nltk_data]     C:\Users\wafaa\AppData\Roaming\nltk_data...
[nltk_data]   Package punkt is already up-to-date!
[nltk_data] Downloading package stopwords to
[nltk_data]     C:\Users\wafaa\AppData\Roaming\nltk_data...
[nltk_data]   Package stopwords is already up-to-date!
INFO:root:Loading data from GCS...
INFO:root:Data loaded successfully!
INFO:root:  label                                              email
0   ham  Go until jurong point, crazy.. Available only ...
1   ham                      Ok lar... Joking wif u oni...
2  spam  Free entry in 2 a wkly comp to win FA Cup fina...
3   ham  U dun say so early hor... U c already then say...
4   ham  Nah I don't think he goes to usf, he lives aro...
INFO:root:Running Dataflow pipeline...
INFO:apache_beam.internal.gcp.auth:Setting socket default timeout to 60 seconds.
INFO:apache_beam.internal.gcp.auth:socket default timeout is 60.0 seconds.
INFO:apache_beam.runners.portability.stager:Downloading source distribution of the SDK from PyPi
INFO:apache_beam.runners.portability.stager:Executing command: ['C:\\Users\\wafaa\\AppData\\Local\\Programs\\Python\\Python310\\python.exe', '-m', 'pip', 'download', '--dest', 'C:\\Users\\wafaa\\AppData\\Local\\Temp\\tmpaf1_ewc0', 'apache-beam==2.46.0', '--no-deps', '--no-binary', ':all:']
INFO:apache_beam.runners.portability.stager:Staging SDK sources from PyPI: dataflow_python_sdk.tar
INFO:apache_beam.runners.portability.stager:Downloading binary distribution of the SDK from PyPi
INFO:apache_beam.runners.portability.stager:Executing command: ['C:\\Users\\wafaa\\AppData\\Local\\Programs\\Python\\Python310\\python.exe', '-m', 'pip', 'download', '--dest', 'C:\\Users\\wafaa\\AppData\\Local\\Temp\\tmpaf1_ewc0', 'apache-beam==2.46.0', '--no-deps', '--only-binary', ':all:', '--python-version', '310', '--implementation', 'cp', '--abi', 'cp310', '--platform', 'manylinux2014_x86_64']
INFO:apache_beam.runners.portability.stager:Staging binary distribution of the SDK from PyPI: apache_beam-2.46.0-cp310-cp310-manylinux_2_17_x86_64.manylinux2014_x86_64.whl
INFO:root:Default Python SDK image for environment is apache/beam_python3.10_sdk:2.46.0
INFO:root:Using provided Python SDK container image: gcr.io/cloud-dataflow/v1beta3/python310:2.46.0
INFO:root:Python SDK container image set to "gcr.io/cloud-dataflow/v1beta3/python310:2.46.0" for Docker environment
INFO:apache_beam.runners.portability.fn_api_runner.translations:==================== <function pack_combiners at 0x0000021481801EA0> ====================
INFO:apache_beam.runners.portability.fn_api_runner.translations:==================== <function sort_stages at 0x0000021481802680> ====================
INFO:apache_beam.runners.dataflow.internal.apiclient:Starting GCS upload to gs://groupfinal/staging/dataflow-job-20250303-183846.1741027142.290465/dataflow_python_sdk.tar...
INFO:apache_beam.runners.dataflow.internal.apiclient:Completed GCS upload to gs://groupfinal/staging/dataflow-job-20250303-183846.1741027142.290465/dataflow_python_sdk.tar in 2 seconds.
INFO:apache_beam.runners.dataflow.internal.apiclient:Starting GCS upload to gs://groupfinal/staging/dataflow-job-20250303-183846.1741027142.290465/apache_beam-2.46.0-cp310-cp310-manylinux_2_17_x86_64.manylinux2014_x86_64.whl...
INFO:apache_beam.runners.dataflow.internal.apiclient:Completed GCS upload to gs://groupfinal/staging/dataflow-job-20250303-183846.1741027142.290465/apache_beam-2.46.0-cp310-cp310-manylinux_2_17_x86_64.manylinux2014_x86_64.whl in 7 seconds.
INFO:apache_beam.runners.dataflow.internal.apiclient:Starting GCS upload to gs://groupfinal/staging/dataflow-job-20250303-183846.1741027142.290465/pipeline.pb...
INFO:apache_beam.runners.dataflow.internal.apiclient:Completed GCS upload to gs://groupfinal/staging/dataflow-job-20250303-183846.1741027142.290465/pipeline.pb in 0 seconds.
INFO:apache_beam.runners.dataflow.internal.apiclient:Create job: <Job
 clientRequestId: '20250303183902292468-7336'
 createTime: '2025-03-03T18:39:13.910408Z'
 currentStateTime: '1970-01-01T00:00:00Z'
 id: '2025-03-03_10_39_13-11472024852117302746'
 location: 'us-central1'
 name: 'dataflow-job-20250303-183846'
 projectId: 'finalproject-1234567'
 stageStates: []
 startTime: '2025-03-03T18:39:13.910408Z'
 steps: []
 tempFiles: []
 type: TypeValueValuesEnum(JOB_TYPE_BATCH, 1)>
INFO:apache_beam.runners.dataflow.internal.apiclient:Created job with id: [2025-03-03_10_39_13-11472024852117302746]
INFO:apache_beam.runners.dataflow.internal.apiclient:Submitted job: 2025-03-03_10_39_13-11472024852117302746
INFO:apache_beam.runners.dataflow.internal.apiclient:To access the Dataflow monitoring console, please navigate to https://console.cloud.google.com/dataflow/jobs/us-central1/2025-03-03_10_39_13-11472024852117302746?project=finalproject-1234567
INFO:apache_beam.runners.dataflow.dataflow_runner:Job 2025-03-03_10_39_13-11472024852117302746 is in state JOB_STATE_PENDING
INFO:apache_beam.runners.dataflow.dataflow_runner:2025-03-03T18:39:13.804Z: JOB_MESSAGE_BASIC: Dataflow Runner V2 auto-enabled. Use --experiments=disable_runner_v2 to opt out.
INFO:apache_beam.runners.dataflow.dataflow_runner:2025-03-03T18:39:17.616Z: JOB_MESSAGE_DETAILED: Autoscaling is enabled for job 2025-03-03_10_39_13-11472024852117302746. The number of workers will be between 1 and 4000.
INFO:apache_beam.runners.dataflow.dataflow_runner:2025-03-03T18:39:17.705Z: JOB_MESSAGE_DETAILED: Autoscaling was automatically enabled for job 2025-03-03_10_39_13-11472024852117302746.
INFO:apache_beam.runners.dataflow.dataflow_runner:2025-03-03T18:39:19.842Z: JOB_MESSAGE_BASIC: Worker configuration: n1-standard-1 in us-central1-c.
INFO:apache_beam.runners.dataflow.dataflow_runner:2025-03-03T18:39:20.847Z: JOB_MESSAGE_DETAILED: Expanding SplittableParDo operations into optimizable parts.
INFO:apache_beam.runners.dataflow.dataflow_runner:2025-03-03T18:39:20.872Z: JOB_MESSAGE_DETAILED: Expanding CollectionToSingleton operations into optimizable parts.
INFO:apache_beam.runners.dataflow.dataflow_runner:2025-03-03T18:39:20.938Z: JOB_MESSAGE_DETAILED: Expanding CoGroupByKey operations into optimizable parts.
INFO:apache_beam.runners.dataflow.dataflow_runner:2025-03-03T18:39:20.974Z: JOB_MESSAGE_DEBUG: Combiner lifting skipped for step Write to GCS/Write/WriteImpl/GroupByKey: GroupByKey not followed by a combiner.
INFO:apache_beam.runners.dataflow.dataflow_runner:2025-03-03T18:39:21.046Z: JOB_MESSAGE_DETAILED: Expanding GroupByKey operations into optimizable parts.
INFO:apache_beam.runners.dataflow.dataflow_runner:2025-03-03T18:39:21.079Z: JOB_MESSAGE_DEBUG: Annotating graph with Autotuner information.
INFO:apache_beam.runners.dataflow.dataflow_runner:2025-03-03T18:39:21.127Z: JOB_MESSAGE_DETAILED: Fusing adjacent ParDo, Read, Write, and Flatten operations
INFO:apache_beam.runners.dataflow.dataflow_runner:2025-03-03T18:39:21.170Z: JOB_MESSAGE_DETAILED: Fusing consumer Write to GCS/Write/WriteImpl/InitializeWrite into Write to GCS/Write/WriteImpl/DoOnce/Map(decode)
INFO:apache_beam.runners.dataflow.dataflow_runner:2025-03-03T18:39:21.202Z: JOB_MESSAGE_DETAILED: Fusing consumer Write to GCS/Write/WriteImpl/DoOnce/FlatMap(<lambda at core.py:3507>) into Write to GCS/Write/WriteImpl/DoOnce/Impulse
INFO:apache_beam.runners.dataflow.dataflow_runner:2025-03-03T18:39:21.230Z: JOB_MESSAGE_DETAILED: Fusing consumer Write to GCS/Write/WriteImpl/DoOnce/Map(decode) into Write to GCS/Write/WriteImpl/DoOnce/FlatMap(<lambda at core.py:3507>)
INFO:apache_beam.runners.dataflow.dataflow_runner:2025-03-03T18:39:21.256Z: JOB_MESSAGE_DETAILED: Fusing consumer Read from GCS/Read/Map(<lambda at iobase.py:908>) into Read from GCS/Read/Impulse
INFO:apache_beam.runners.dataflow.dataflow_runner:2025-03-03T18:39:21.282Z: JOB_MESSAGE_DETAILED: Fusing consumer Read from GCS/Read/SDFBoundedSourceReader/ParDo(SDFBoundedSourceDoFn)/PairWithRestriction into Read from GCS/Read/Map(<lambda at iobase.py:908>)
INFO:apache_beam.runners.dataflow.dataflow_runner:2025-03-03T18:39:21.310Z: JOB_MESSAGE_DETAILED: Fusing consumer Read from GCS/Read/SDFBoundedSourceReader/ParDo(SDFBoundedSourceDoFn)/SplitWithSizing into Read from GCS/Read/SDFBoundedSourceReader/ParDo(SDFBoundedSourceDoFn)/PairWithRestriction
INFO:apache_beam.runners.dataflow.dataflow_runner:2025-03-03T18:39:21.338Z: JOB_MESSAGE_DETAILED: Fusing consumer Decode Bytes into Read from GCS/Read/SDFBoundedSourceReader/ParDo(SDFBoundedSourceDoFn)/ProcessElementAndRestrictionWithSizing
INFO:apache_beam.runners.dataflow.dataflow_runner:2025-03-03T18:39:21.363Z: JOB_MESSAGE_DETAILED: Fusing consumer Parse CSV into Decode Bytes
INFO:apache_beam.runners.dataflow.dataflow_runner:2025-03-03T18:39:21.383Z: JOB_MESSAGE_DETAILED: Fusing consumer Filter Invalid Rows into Parse CSV
INFO:apache_beam.runners.dataflow.dataflow_runner:2025-03-03T18:39:21.408Z: JOB_MESSAGE_DETAILED: Fusing consumer Preprocess Data into Filter Invalid Rows
INFO:apache_beam.runners.dataflow.dataflow_runner:2025-03-03T18:39:21.428Z: JOB_MESSAGE_DETAILED: Fusing consumer Write to GCS/Write/WriteImpl/WindowInto(WindowIntoFn) into Preprocess Data
INFO:apache_beam.runners.dataflow.dataflow_runner:2025-03-03T18:39:21.448Z: JOB_MESSAGE_DETAILED: Fusing consumer Write to GCS/Write/WriteImpl/WriteBundles into Write to GCS/Write/WriteImpl/WindowInto(WindowIntoFn)
INFO:apache_beam.runners.dataflow.dataflow_runner:2025-03-03T18:39:21.474Z: JOB_MESSAGE_DETAILED: Fusing consumer Write to GCS/Write/WriteImpl/Pair into Write to GCS/Write/WriteImpl/WriteBundles
INFO:apache_beam.runners.dataflow.dataflow_runner:2025-03-03T18:39:21.495Z: JOB_MESSAGE_DETAILED: Fusing consumer Write to GCS/Write/WriteImpl/GroupByKey/Write into Write to GCS/Write/WriteImpl/Pair
INFO:apache_beam.runners.dataflow.dataflow_runner:2025-03-03T18:39:21.514Z: JOB_MESSAGE_DETAILED: Fusing consumer Write to GCS/Write/WriteImpl/Extract into Write to GCS/Write/WriteImpl/GroupByKey/Read
INFO:apache_beam.runners.dataflow.dataflow_runner:2025-03-03T18:39:21.549Z: JOB_MESSAGE_DEBUG: Workflow config is missing a default resource spec.
INFO:apache_beam.runners.dataflow.dataflow_runner:2025-03-03T18:39:21.569Z: JOB_MESSAGE_DEBUG: Adding StepResource setup and teardown to workflow graph.
INFO:apache_beam.runners.dataflow.dataflow_runner:2025-03-03T18:39:21.591Z: JOB_MESSAGE_DEBUG: Adding workflow start and stop steps.
INFO:apache_beam.runners.dataflow.dataflow_runner:2025-03-03T18:39:21.618Z: JOB_MESSAGE_DEBUG: Assigning stage ids.
INFO:apache_beam.runners.dataflow.dataflow_runner:2025-03-03T18:39:21.893Z: JOB_MESSAGE_DEBUG: Executing wait step start19
INFO:apache_beam.runners.dataflow.dataflow_runner:2025-03-03T18:39:22.084Z: JOB_MESSAGE_BASIC: Executing operation Read from GCS/Read/Impulse+Read from GCS/Read/Map(<lambda at iobase.py:908>)+Read from GCS/Read/SDFBoundedSourceReader/ParDo(SDFBoundedSourceDoFn)/PairWithRestriction+Read from GCS/Read/SDFBoundedSourceReader/ParDo(SDFBoundedSourceDoFn)/SplitWithSizing
INFO:apache_beam.runners.dataflow.dataflow_runner:2025-03-03T18:39:22.186Z: JOB_MESSAGE_BASIC: Executing operation Write to GCS/Write/WriteImpl/DoOnce/Impulse+Write to GCS/Write/WriteImpl/DoOnce/FlatMap(<lambda at core.py:3507>)+Write to GCS/Write/WriteImpl/DoOnce/Map(decode)+Write to GCS/Write/WriteImpl/InitializeWrite
INFO:apache_beam.runners.dataflow.dataflow_runner:2025-03-03T18:39:22.221Z: JOB_MESSAGE_DEBUG: Starting worker pool setup.
INFO:apache_beam.runners.dataflow.dataflow_runner:2025-03-03T18:39:22.307Z: JOB_MESSAGE_BASIC: Starting 1 workers in us-central1...
INFO:apache_beam.runners.dataflow.dataflow_runner:Job 2025-03-03_10_39_13-11472024852117302746 is in state JOB_STATE_RUNNING
INFO:apache_beam.runners.dataflow.dataflow_runner:2025-03-03T18:40:12.348Z: JOB_MESSAGE_DETAILED: Autoscaling: Raised the number of workers to 1 based on the rate of progress in the currently running stage(s).
INFO:apache_beam.runners.dataflow.dataflow_runner:2025-03-03T18:40:52.187Z: JOB_MESSAGE_DETAILED: Workers have started successfully.
INFO:apache_beam.runners.dataflow.dataflow_runner:2025-03-03T18:42:07.188Z: JOB_MESSAGE_BASIC: All workers have finished the startup processes and began to receive work requests.
INFO:apache_beam.runners.dataflow.dataflow_runner:2025-03-03T18:42:09.350Z: JOB_MESSAGE_BASIC: Finished operation Write to GCS/Write/WriteImpl/DoOnce/Impulse+Write to GCS/Write/WriteImpl/DoOnce/FlatMap(<lambda at core.py:3507>)+Write to GCS/Write/WriteImpl/DoOnce/Map(decode)+Write to GCS/Write/WriteImpl/InitializeWrite
INFO:apache_beam.runners.dataflow.dataflow_runner:2025-03-03T18:42:09.396Z: JOB_MESSAGE_DEBUG: Value "Write to GCS/Write/WriteImpl/DoOnce/Map(decode).None" materialized.
INFO:apache_beam.runners.dataflow.dataflow_runner:2025-03-03T18:42:09.418Z: JOB_MESSAGE_DEBUG: Value "Write to GCS/Write/WriteImpl/InitializeWrite.None" materialized.
INFO:apache_beam.runners.dataflow.dataflow_runner:2025-03-03T18:42:09.462Z: JOB_MESSAGE_BASIC: Executing operation Write to GCS/Write/WriteImpl/WriteBundles/View-python_side_input0-Write to GCS/Write/WriteImpl/WriteBundles
INFO:apache_beam.runners.dataflow.dataflow_runner:2025-03-03T18:42:09.482Z: JOB_MESSAGE_BASIC: Executing operation Write to GCS/Write/WriteImpl/FinalizeWrite/View-python_side_input0-Write to GCS/Write/WriteImpl/FinalizeWrite
INFO:apache_beam.runners.dataflow.dataflow_runner:2025-03-03T18:42:09.501Z: JOB_MESSAGE_BASIC: Executing operation Write to GCS/Write/WriteImpl/PreFinalize/View-python_side_input0-Write to GCS/Write/WriteImpl/PreFinalize
INFO:apache_beam.runners.dataflow.dataflow_runner:2025-03-03T18:42:09.508Z: JOB_MESSAGE_BASIC: Finished operation Write to GCS/Write/WriteImpl/WriteBundles/View-python_side_input0-Write to GCS/Write/WriteImpl/WriteBundles
INFO:apache_beam.runners.dataflow.dataflow_runner:2025-03-03T18:42:09.523Z: JOB_MESSAGE_BASIC: Finished operation Write to GCS/Write/WriteImpl/FinalizeWrite/View-python_side_input0-Write to GCS/Write/WriteImpl/FinalizeWrite
INFO:apache_beam.runners.dataflow.dataflow_runner:2025-03-03T18:42:09.546Z: JOB_MESSAGE_DEBUG: Value "Write to GCS/Write/WriteImpl/WriteBundles/View-python_side_input0-Write to GCS/Write/WriteImpl/WriteBundles.out" materialized.
INFO:apache_beam.runners.dataflow.dataflow_runner:2025-03-03T18:42:09.547Z: JOB_MESSAGE_BASIC: Finished operation Write to GCS/Write/WriteImpl/PreFinalize/View-python_side_input0-Write to GCS/Write/WriteImpl/PreFinalize
INFO:apache_beam.runners.dataflow.dataflow_runner:2025-03-03T18:42:09.569Z: JOB_MESSAGE_DEBUG: Value "Write to GCS/Write/WriteImpl/FinalizeWrite/View-python_side_input0-Write to GCS/Write/WriteImpl/FinalizeWrite.out" materialized.
INFO:apache_beam.runners.dataflow.dataflow_runner:2025-03-03T18:42:09.610Z: JOB_MESSAGE_DEBUG: Value "Write to GCS/Write/WriteImpl/PreFinalize/View-python_side_input0-Write to GCS/Write/WriteImpl/PreFinalize.out" materialized.
INFO:apache_beam.runners.dataflow.dataflow_runner:2025-03-03T18:42:10.187Z: JOB_MESSAGE_BASIC: Finished operation Read from GCS/Read/Impulse+Read from GCS/Read/Map(<lambda at iobase.py:908>)+Read from GCS/Read/SDFBoundedSourceReader/ParDo(SDFBoundedSourceDoFn)/PairWithRestriction+Read from GCS/Read/SDFBoundedSourceReader/ParDo(SDFBoundedSourceDoFn)/SplitWithSizing
INFO:apache_beam.runners.dataflow.dataflow_runner:2025-03-03T18:42:10.230Z: JOB_MESSAGE_DEBUG: Value "ref_AppliedPTransform_Read-from-GCS-Read-SDFBoundedSourceReader-ParDo-SDFBoundedSourceDoFn-_7-split-with-sizing-out3" materialized.
INFO:apache_beam.runners.dataflow.dataflow_runner:2025-03-03T18:42:10.280Z: JOB_MESSAGE_BASIC: Executing operation Write to GCS/Write/WriteImpl/GroupByKey/Create
INFO:apache_beam.runners.dataflow.dataflow_runner:2025-03-03T18:42:10.800Z: JOB_MESSAGE_BASIC: Finished operation Write to GCS/Write/WriteImpl/GroupByKey/Create
INFO:apache_beam.runners.dataflow.dataflow_runner:2025-03-03T18:42:10.845Z: JOB_MESSAGE_DEBUG: Value "Write to GCS/Write/WriteImpl/GroupByKey/Session" materialized.
INFO:apache_beam.runners.dataflow.dataflow_runner:2025-03-03T18:42:10.891Z: JOB_MESSAGE_BASIC: Executing operation Read from GCS/Read/SDFBoundedSourceReader/ParDo(SDFBoundedSourceDoFn)/ProcessElementAndRestrictionWithSizing+Decode Bytes+Parse CSV+Filter Invalid Rows+Preprocess Data+Write to GCS/Write/WriteImpl/WindowInto(WindowIntoFn)+Write to GCS/Write/WriteImpl/WriteBundles+Write to GCS/Write/WriteImpl/Pair+Write to GCS/Write/WriteImpl/GroupByKey/Write
INFO:apache_beam.runners.dataflow.dataflow_runner:2025-03-03T18:42:12.944Z: JOB_MESSAGE_BASIC: Finished operation Read from GCS/Read/SDFBoundedSourceReader/ParDo(SDFBoundedSourceDoFn)/ProcessElementAndRestrictionWithSizing+Decode Bytes+Parse CSV+Filter Invalid Rows+Preprocess Data+Write to GCS/Write/WriteImpl/WindowInto(WindowIntoFn)+Write to GCS/Write/WriteImpl/WriteBundles+Write to GCS/Write/WriteImpl/Pair+Write to GCS/Write/WriteImpl/GroupByKey/Write
INFO:apache_beam.runners.dataflow.dataflow_runner:2025-03-03T18:42:12.996Z: JOB_MESSAGE_BASIC: Executing operation Write to GCS/Write/WriteImpl/GroupByKey/Close
INFO:apache_beam.runners.dataflow.dataflow_runner:2025-03-03T18:42:13.053Z: JOB_MESSAGE_BASIC: Finished operation Write to GCS/Write/WriteImpl/GroupByKey/Close
INFO:apache_beam.runners.dataflow.dataflow_runner:2025-03-03T18:42:13.105Z: JOB_MESSAGE_BASIC: Executing operation Write to GCS/Write/WriteImpl/GroupByKey/Read+Write to GCS/Write/WriteImpl/Extract
INFO:apache_beam.runners.dataflow.dataflow_runner:2025-03-03T18:42:14.756Z: JOB_MESSAGE_BASIC: Finished operation Write to GCS/Write/WriteImpl/GroupByKey/Read+Write to GCS/Write/WriteImpl/Extract
INFO:apache_beam.runners.dataflow.dataflow_runner:2025-03-03T18:42:14.798Z: JOB_MESSAGE_DEBUG: Value "Write to GCS/Write/WriteImpl/Extract.None" materialized.
INFO:apache_beam.runners.dataflow.dataflow_runner:2025-03-03T18:42:14.843Z: JOB_MESSAGE_BASIC: Executing operation Write to GCS/Write/WriteImpl/FinalizeWrite/View-python_side_input1-Write to GCS/Write/WriteImpl/FinalizeWrite
INFO:apache_beam.runners.dataflow.dataflow_runner:2025-03-03T18:42:14.872Z: JOB_MESSAGE_BASIC: Executing operation Write to GCS/Write/WriteImpl/PreFinalize/View-python_side_input1-Write to GCS/Write/WriteImpl/PreFinalize
INFO:apache_beam.runners.dataflow.dataflow_runner:2025-03-03T18:42:14.892Z: JOB_MESSAGE_BASIC: Finished operation Write to GCS/Write/WriteImpl/FinalizeWrite/View-python_side_input1-Write to GCS/Write/WriteImpl/FinalizeWrite
INFO:apache_beam.runners.dataflow.dataflow_runner:2025-03-03T18:42:14.919Z: JOB_MESSAGE_BASIC: Finished operation Write to GCS/Write/WriteImpl/PreFinalize/View-python_side_input1-Write to GCS/Write/WriteImpl/PreFinalize
INFO:apache_beam.runners.dataflow.dataflow_runner:2025-03-03T18:42:14.933Z: JOB_MESSAGE_DEBUG: Value "Write to GCS/Write/WriteImpl/FinalizeWrite/View-python_side_input1-Write to GCS/Write/WriteImpl/FinalizeWrite.out" materialized.
INFO:apache_beam.runners.dataflow.dataflow_runner:2025-03-03T18:42:14.966Z: JOB_MESSAGE_DEBUG: Value "Write to GCS/Write/WriteImpl/PreFinalize/View-python_side_input1-Write to GCS/Write/WriteImpl/PreFinalize.out" materialized.
INFO:apache_beam.runners.dataflow.dataflow_runner:2025-03-03T18:42:15.016Z: JOB_MESSAGE_BASIC: Executing operation Write to GCS/Write/WriteImpl/PreFinalize
INFO:apache_beam.runners.dataflow.dataflow_runner:2025-03-03T18:42:17.133Z: JOB_MESSAGE_BASIC: Finished operation Write to GCS/Write/WriteImpl/PreFinalize
INFO:apache_beam.runners.dataflow.dataflow_runner:2025-03-03T18:42:17.172Z: JOB_MESSAGE_DEBUG: Value "Write to GCS/Write/WriteImpl/PreFinalize.None" materialized.
INFO:apache_beam.runners.dataflow.dataflow_runner:2025-03-03T18:42:17.213Z: JOB_MESSAGE_BASIC: Executing operation Write to GCS/Write/WriteImpl/FinalizeWrite/View-python_side_input2-Write to GCS/Write/WriteImpl/FinalizeWrite
INFO:apache_beam.runners.dataflow.dataflow_runner:2025-03-03T18:42:17.258Z: JOB_MESSAGE_BASIC: Finished operation Write to GCS/Write/WriteImpl/FinalizeWrite/View-python_side_input2-Write to GCS/Write/WriteImpl/FinalizeWrite
INFO:apache_beam.runners.dataflow.dataflow_runner:2025-03-03T18:42:17.299Z: JOB_MESSAGE_DEBUG: Value "Write to GCS/Write/WriteImpl/FinalizeWrite/View-python_side_input2-Write to GCS/Write/WriteImpl/FinalizeWrite.out" materialized.
INFO:apache_beam.runners.dataflow.dataflow_runner:2025-03-03T18:42:17.342Z: JOB_MESSAGE_BASIC: Executing operation Write to GCS/Write/WriteImpl/FinalizeWrite
INFO:apache_beam.runners.dataflow.dataflow_runner:2025-03-03T18:42:19.058Z: JOB_MESSAGE_BASIC: Finished operation Write to GCS/Write/WriteImpl/FinalizeWrite
INFO:apache_beam.runners.dataflow.dataflow_runner:2025-03-03T18:42:19.100Z: JOB_MESSAGE_DEBUG: Executing success step success17
INFO:apache_beam.runners.dataflow.dataflow_runner:2025-03-03T18:42:19.186Z: JOB_MESSAGE_DETAILED: Cleaning up.
INFO:apache_beam.runners.dataflow.dataflow_runner:2025-03-03T18:42:19.384Z: JOB_MESSAGE_DEBUG: Starting worker pool teardown.
INFO:apache_beam.runners.dataflow.dataflow_runner:2025-03-03T18:42:19.400Z: JOB_MESSAGE_BASIC: Stopping worker pool...
INFO:apache_beam.runners.dataflow.dataflow_runner:2025-03-03T18:43:04.775Z: JOB_MESSAGE_DETAILED: Autoscaling: Resized worker pool from 1 to 0.
INFO:apache_beam.runners.dataflow.dataflow_runner:2025-03-03T18:43:04.840Z: JOB_MESSAGE_BASIC: Worker pool stopped.
INFO:apache_beam.runners.dataflow.dataflow_runner:2025-03-03T18:43:04.866Z: JOB_MESSAGE_DEBUG: Tearing down pending resources...
INFO:apache_beam.runners.dataflow.dataflow_runner:Job 2025-03-03_10_39_13-11472024852117302746 is in state JOB_STATE_DONE
INFO:root:Training Naive Bayes classifier...
INFO:root:Accuracy: 0.9635167464114832
INFO:root:Precision: 1.0
INFO:root:Recall: 0.7214611872146118
INFO:root:F1 Score: 0.8381962864721485
INFO:root:Confusion Matrix:
[[1453    0]
 [  61  158]]
INFO:root:Loading data into BigQuery...
INFO:root:Data loaded into BigQuery table final.spam
INFO:root:Process completed!
